TN:
SF:contracts/OmnomSwapAggregator.sol
DA:172,2305
FN:172,OmnomSwapAggregator.onlyOwner
FNDA:2305,OmnomSwapAggregator.onlyOwner
DA:173,2305
BRDA:173,0,0,-
BRDA:173,0,1,-
DA:178,3276
FN:178,OmnomSwapAggregator.whenNotPaused
FNDA:3276,OmnomSwapAggregator.whenNotPaused
DA:179,3276
BRDA:179,1,0,-
BRDA:179,1,1,-
DA:193,1048
FN:193,OmnomSwapAggregator.constructor
FNDA:1048,OmnomSwapAggregator.constructor
DA:194,1048
BRDA:194,2,0,-
BRDA:194,2,1,-
DA:195,1047
BRDA:195,3,0,-
BRDA:195,3,1,-
DA:196,1048
BRDA:196,4,0,-
BRDA:196,4,1,-
DA:198,1046
DA:199,1048
DA:200,1048
DA:201,1046
DA:219,3274
FN:219,OmnomSwapAggregator.executeSwap
FNDA:3274,OmnomSwapAggregator.executeSwap
DA:221,3274
BRDA:221,5,0,34
DA:222,34
BRDA:222,6,0,-
BRDA:222,6,1,-
DA:223,32
BRDA:223,7,0,-
BRDA:223,7,1,-
DA:224,34
DA:229,3270
BRDA:229,8,0,-
BRDA:229,8,1,-
DA:231,3003
BRDA:231,9,0,-
BRDA:231,9,1,-
DA:234,2747
BRDA:234,10,0,-
BRDA:234,10,1,-
DA:235,2744
BRDA:235,11,0,-
BRDA:235,11,1,-
DA:236,2743
BRDA:236,12,0,-
BRDA:236,12,1,-
DA:239,2742
DA:240,2742
BRDA:240,13,0,2712
BRDA:240,13,1,-
DA:241,2712
DA:242,2712
DA:243,2712
DA:244,2701
DA:246,30
DA:247,30
DA:251,2731
DA:252,2731
DA:254,2731
BRDA:254,14,0,2667
DA:255,2667
DA:256,2667
DA:260,2731
DA:261,2731
DA:263,2731
DA:264,3667
DA:267,3667
BRDA:267,15,0,-
BRDA:267,15,1,-
DA:270,3666
BRDA:270,16,0,-
BRDA:270,16,1,-
DA:277,3665
DA:278,3665
BRDA:278,17,0,2729
DA:279,2729
DA:283,3665
DA:287,3664
BRDA:287,18,0,-
BRDA:287,18,1,-
DA:290,3664
DA:293,3664
DA:298,3664
DA:307,3613
DA:310,3613
DA:311,3613
DA:314,3613
BRDA:314,19,0,-
BRDA:314,19,1,-
DA:317,3610
DA:318,3610
DA:319,3610
DA:323,2674
BRDA:323,20,0,-
BRDA:323,20,1,-
DA:326,2411
DA:327,2411
DA:330,2411
DA:340,2411
BRDA:340,21,0,4
DA:341,4
DA:342,4
BRDA:342,22,0,-
BRDA:342,22,1,-
DA:351,4
FN:351,OmnomSwapAggregator.receive
FNDA:4,OmnomSwapAggregator.receive
DA:352,4
DA:363,2304
FN:363,OmnomSwapAggregator.addRouter
FNDA:2304,OmnomSwapAggregator.addRouter
DA:364,2304
BRDA:364,23,0,-
BRDA:364,23,1,-
DA:365,2303
BRDA:365,24,0,-
BRDA:365,24,1,-
DA:367,2303
DA:368,2302
DA:369,2304
DA:371,2302
DA:378,10
FN:378,OmnomSwapAggregator.removeRouter
FNDA:10,OmnomSwapAggregator.removeRouter
DA:379,10
BRDA:379,25,0,-
BRDA:379,25,1,-
DA:381,9
DA:383,9
DA:390,8
FN:390,OmnomSwapAggregator.confirmRouterRemoval
FNDA:8,OmnomSwapAggregator.confirmRouterRemoval
DA:391,8
BRDA:391,26,0,-
BRDA:391,26,1,-
DA:392,8
BRDA:392,27,0,-
BRDA:392,27,1,-
DA:394,7
DA:395,8
DA:398,0
DA:399,7
BRDA:399,28,0,7
DA:400,7
DA:401,7
DA:402,0
DA:406,7
DA:413,5
FN:413,OmnomSwapAggregator.getRouterCount
FNDA:5,OmnomSwapAggregator.getRouterCount
DA:414,5
DA:425,5
FN:425,OmnomSwapAggregator.setTreasury
FNDA:5,OmnomSwapAggregator.setTreasury
DA:426,5
BRDA:426,29,0,-
BRDA:426,29,1,-
DA:428,4
DA:429,4
DA:431,4
DA:438,274
FN:438,OmnomSwapAggregator.setProtocolFee
FNDA:274,OmnomSwapAggregator.setProtocolFee
DA:439,274
BRDA:439,30,0,-
BRDA:439,30,1,-
DA:441,14
DA:442,14
DA:444,14
DA:454,13
FN:454,OmnomSwapAggregator.pause
FNDA:13,OmnomSwapAggregator.pause
DA:455,13
BRDA:455,31,0,-
BRDA:455,31,1,-
DA:456,12
DA:457,12
DA:463,6
FN:463,OmnomSwapAggregator.unpause
FNDA:6,OmnomSwapAggregator.unpause
DA:464,6
BRDA:464,32,0,-
BRDA:464,32,1,-
DA:465,5
DA:466,5
DA:483,7
FN:483,OmnomSwapAggregator.rescueTokens
FNDA:7,OmnomSwapAggregator.rescueTokens
DA:484,7
DA:485,7
BRDA:485,33,0,-
BRDA:485,33,1,-
DA:486,6
BRDA:486,34,0,1
DA:487,1
BRDA:487,35,0,-
BRDA:487,35,1,-
DA:488,1
DA:490,5
DA:491,4
DA:503,5
FN:503,OmnomSwapAggregator.refundUser
FNDA:5,OmnomSwapAggregator.refundUser
DA:508,5
BRDA:508,36,0,-
BRDA:508,36,1,-
DA:509,4
BRDA:509,37,0,-
BRDA:509,37,1,-
DA:511,4
DA:512,3
DA:514,5
DA:527,4
FN:527,OmnomSwapAggregator.transferOwnership
FNDA:4,OmnomSwapAggregator.transferOwnership
DA:528,4
BRDA:528,38,0,-
BRDA:528,38,1,-
DA:529,3
DA:530,3
DA:531,3
FNF:16
FNH:16
LF:126
LH:124
BRF:72
BRH:7
end_of_record
TN:
SF:contracts/libraries/ReentrancyGuard.sol
DA:34,1048
FN:34,ReentrancyGuard.constructor
FNDA:1048,ReentrancyGuard.constructor
DA:35,1048
DA:47,3284
FN:47,ReentrancyGuard.nonReentrant
FNDA:3284,ReentrancyGuard.nonReentrant
DA:48,3284
BRDA:48,0,0,8
DA:49,8
DA:51,3276
DA:53,2411
FNF:2
FNH:2
LF:7
LH:7
BRF:1
BRH:1
end_of_record
TN:
SF:contracts/libraries/SafeERC20.sol
DA:43,2712
FN:43,SafeERC20.safeTransferFrom
FNDA:2712,SafeERC20.safeTransferFrom
DA:44,2712
DA:47,2712
BRDA:47,0,0,11
DA:48,2701
BRDA:48,1,0,-
DA:49,0
DA:60,5086
FN:60,SafeERC20.safeTransfer
FNDA:5086,SafeERC20.safeTransfer
DA:61,5086
DA:64,5086
BRDA:64,2,0,1
DA:65,5085
BRDA:65,3,0,-
DA:66,0
DA:78,7278
FN:78,SafeERC20.safeApprove
FNDA:7278,SafeERC20.safeApprove
DA:80,7278
DA:81,7278
BRDA:81,4,0,7278
DA:82,7278
DA:85,3609
BRDA:85,5,0,-
DA:86,3609
BRDA:86,6,0,-
DA:87,0
DA:91,7278
DA:94,7278
BRDA:94,7,0,1
DA:95,7277
BRDA:95,8,0,-
DA:96,0
DA:108,13
FN:108,SafeERC20._revert
FNDA:13,SafeERC20._revert
DA:109,13
BRDA:109,9,0,-
DA:110,0
DA:113,0
FNF:4
FNH:4
LF:25
LH:19
BRF:10
BRH:4
end_of_record
TN:
SF:contracts/mocks/MockBlocklistToken.sol
DA:53,22
FN:53,MockBlocklistToken.constructor
FNDA:22,MockBlocklistToken.constructor
DA:58,22
DA:59,22
DA:60,22
DA:61,22
DA:68,5
FN:68,MockBlocklistToken.onlyAdmin
FNDA:5,MockBlocklistToken.onlyAdmin
DA:69,5
BRDA:69,0,0,-
BRDA:69,0,1,-
DA:82,67
FN:82,MockBlocklistToken.mint
FNDA:67,MockBlocklistToken.mint
DA:83,67
DA:84,67
DA:85,67
DA:93,5
FN:93,MockBlocklistToken.blocklist
FNDA:5,MockBlocklistToken.blocklist
DA:94,5
DA:95,5
DA:101,10
FN:101,MockBlocklistToken.approve
FNDA:10,MockBlocklistToken.approve
DA:102,10
DA:103,10
DA:104,10
DA:111,5
FN:111,MockBlocklistToken.transfer
FNDA:5,MockBlocklistToken.transfer
DA:112,5
BRDA:112,1,0,-
BRDA:112,1,1,-
DA:113,5
BRDA:113,2,0,-
BRDA:113,2,1,-
DA:114,5
DA:121,4
FN:121,MockBlocklistToken.transferFrom
FNDA:4,MockBlocklistToken.transferFrom
DA:122,4
BRDA:122,3,0,-
BRDA:122,3,1,-
DA:123,3
BRDA:123,4,0,-
BRDA:123,4,1,-
DA:124,2
BRDA:124,5,0,-
BRDA:124,5,1,-
DA:125,2
BRDA:125,6,0,-
BRDA:125,6,1,-
DA:126,4
DA:127,4
DA:134,2
FN:134,MockBlocklistToken.forceTransferFrom
FNDA:2,MockBlocklistToken.forceTransferFrom
DA:135,2
BRDA:135,7,0,-
BRDA:135,7,1,-
DA:136,2
DA:137,2
DA:138,2
DA:145,5
FN:145,MockBlocklistToken._transfer
FNDA:5,MockBlocklistToken._transfer
DA:146,5
BRDA:146,8,0,-
BRDA:146,8,1,-
DA:147,5
DA:148,5
DA:149,5
DA:150,5
FNF:9
FNH:9
LF:40
LH:40
BRF:18
BRH:0
end_of_record
TN:
SF:contracts/mocks/MockBridgeAdapter.sol
DA:49,11
FN:49,MockBridgeAdapter.constructor
FNDA:11,MockBridgeAdapter.constructor
DA:50,11
DA:65,11
FN:65,MockBridgeAdapter.bridge
FNDA:11,MockBridgeAdapter.bridge
DA:71,3
BRDA:71,0,0,3
DA:74,8
DA:75,8
DA:78,8
DA:81,8
BRDA:81,1,0,7
DA:82,7
DA:85,8
DA:86,8
DA:99,3
FN:99,MockBridgeAdapter.completeBridge
FNDA:3,MockBridgeAdapter.completeBridge
DA:100,3
DA:101,3
BRDA:101,2,0,-
BRDA:101,2,1,-
DA:102,3
DA:103,3
DA:110,0
FN:110,MockBridgeAdapter.failBridge
FNDA:0,MockBridgeAdapter.failBridge
DA:111,0
DA:112,0
BRDA:112,3,0,-
BRDA:112,3,1,-
DA:113,0
DA:125,3
FN:125,MockBridgeAdapter.setShouldFail
FNDA:3,MockBridgeAdapter.setShouldFail
DA:126,3
DA:133,0
FN:133,MockBridgeAdapter.setBridgeFee
FNDA:0,MockBridgeAdapter.setBridgeFee
DA:134,0
FNF:6
FNH:4
LF:24
LH:18
BRF:6
BRH:2
end_of_record
TN:
SF:contracts/mocks/MockBurnOnTransferToken.sol
DA:49,23
FN:49,MockBurnOnTransferToken.constructor
FNDA:23,MockBurnOnTransferToken.constructor
DA:55,23
DA:56,23
DA:57,23
DA:58,23
DA:70,67
FN:70,MockBurnOnTransferToken.mint
FNDA:67,MockBurnOnTransferToken.mint
DA:71,67
DA:72,67
DA:73,67
DA:79,23
FN:79,MockBurnOnTransferToken.approve
FNDA:23,MockBurnOnTransferToken.approve
DA:80,23
DA:81,23
DA:82,23
DA:89,8
FN:89,MockBurnOnTransferToken.transfer
FNDA:8,MockBurnOnTransferToken.transfer
DA:90,8
DA:97,5
FN:97,MockBurnOnTransferToken.transferFrom
FNDA:5,MockBurnOnTransferToken.transferFrom
DA:98,5
BRDA:98,0,0,-
BRDA:98,0,1,-
DA:99,5
DA:100,5
DA:107,6
FN:107,MockBurnOnTransferToken.forceTransferFrom
FNDA:6,MockBurnOnTransferToken.forceTransferFrom
DA:108,6
BRDA:108,1,0,-
BRDA:108,1,1,-
DA:110,6
DA:111,6
DA:113,6
DA:114,6
DA:117,6
DA:119,6
DA:120,6
BRDA:120,2,0,6
DA:121,6
DA:133,13
FN:133,MockBurnOnTransferToken._transfer
FNDA:13,MockBurnOnTransferToken._transfer
DA:134,13
BRDA:134,3,0,-
BRDA:134,3,1,-
DA:136,13
DA:137,13
DA:139,13
DA:140,13
DA:143,13
DA:145,13
DA:146,13
BRDA:146,4,0,13
DA:147,13
DA:150,13
FNF:7
FNH:7
LF:40
LH:40
BRF:8
BRH:2
end_of_record
TN:
SF:contracts/mocks/MockDOG20Token.sol
DA:70,16
FN:70,MockDOG20Token.constructor
FNDA:16,MockDOG20Token.constructor
DA:79,16
DA:80,16
DA:81,16
DA:82,16
DA:83,16
DA:84,16
DA:85,16
DA:86,16
DA:94,2
FN:94,MockDOG20Token.isDOG20
FNDA:2,MockDOG20Token.isDOG20
DA:95,2
DA:106,32
FN:106,MockDOG20Token.mint
FNDA:32,MockDOG20Token.mint
DA:107,32
BRDA:107,0,0,2
DA:108,2
BRDA:108,1,0,-
BRDA:108,1,1,-
DA:111,31
DA:113,31
BRDA:113,2,0,1
BRDA:113,2,1,30
DA:114,1
DA:115,1
DA:116,1
DA:117,1
DA:118,1
DA:119,1
DA:121,30
DA:122,30
DA:127,15
FN:127,MockDOG20Token.approve
FNDA:15,MockDOG20Token.approve
DA:128,15
DA:129,15
DA:130,15
DA:134,4
FN:134,MockDOG20Token.transfer
FNDA:4,MockDOG20Token.transfer
DA:135,4
DA:136,4
DA:140,3
FN:140,MockDOG20Token.transferFrom
FNDA:3,MockDOG20Token.transferFrom
DA:141,3
DA:142,3
BRDA:142,3,0,-
BRDA:142,3,1,-
DA:143,3
DA:144,3
DA:145,3
DA:149,4
FN:149,MockDOG20Token.forceTransferFrom
FNDA:4,MockDOG20Token.forceTransferFrom
DA:150,4
DA:162,11
FN:162,MockDOG20Token._transferWithFee
FNDA:11,MockDOG20Token._transferWithFee
DA:163,11
BRDA:163,4,0,-
BRDA:163,4,1,-
DA:164,11
DA:166,11
BRDA:166,5,0,5
BRDA:166,5,1,6
DA:167,5
DA:168,5
DA:169,5
DA:170,5
DA:171,5
DA:172,5
DA:174,6
DA:175,6
FNF:8
FNH:8
LF:51
LH:51
BRF:11
BRH:5
end_of_record
TN:
SF:contracts/mocks/MockDynamicFeeToken.sol
DA:85,204
FN:85,MockDynamicFeeToken.constructor
FNDA:204,MockDynamicFeeToken.constructor
DA:92,204
DA:93,204
DA:94,204
DA:95,204
DA:96,204
DA:97,204
DA:98,204
DA:106,1
FN:106,MockDynamicFeeToken.setFeeBps
FNDA:1,MockDynamicFeeToken.setFeeBps
DA:107,1
DA:111,0
FN:111,MockDynamicFeeToken.setFeeEnabled
FNDA:0,MockDynamicFeeToken.setFeeEnabled
DA:112,0
DA:116,3
FN:116,MockDynamicFeeToken.setFeeExempt
FNDA:3,MockDynamicFeeToken.setFeeExempt
DA:117,3
DA:121,5
FN:121,MockDynamicFeeToken.setRoundingMode
FNDA:5,MockDynamicFeeToken.setRoundingMode
DA:122,5
DA:126,0
FN:126,MockDynamicFeeToken.setFeeRecipient
FNDA:0,MockDynamicFeeToken.setFeeRecipient
DA:127,0
DA:132,5
FN:132,MockDynamicFeeToken.setAutoFeeChange
FNDA:5,MockDynamicFeeToken.setAutoFeeChange
DA:133,5
DA:134,5
DA:139,2
FN:139,MockDynamicFeeToken.setAutoExemptChange
FNDA:2,MockDynamicFeeToken.setAutoExemptChange
DA:144,2
DA:145,2
DA:146,2
DA:154,820
FN:154,MockDynamicFeeToken.mint
FNDA:820,MockDynamicFeeToken.mint
DA:155,820
DA:156,820
DA:157,820
DA:161,90
FN:161,MockDynamicFeeToken.approve
FNDA:90,MockDynamicFeeToken.approve
DA:162,90
DA:163,90
DA:164,90
DA:168,35
FN:168,MockDynamicFeeToken.transfer
FNDA:35,MockDynamicFeeToken.transfer
DA:169,35
DA:170,35
DA:174,16
FN:174,MockDynamicFeeToken.transferFrom
FNDA:16,MockDynamicFeeToken.transferFrom
DA:175,16
DA:176,16
BRDA:176,0,0,-
BRDA:176,0,1,-
DA:177,16
DA:178,16
DA:179,16
DA:184,24
FN:184,MockDynamicFeeToken.forceTransferFrom
FNDA:24,MockDynamicFeeToken.forceTransferFrom
DA:185,24
DA:197,75
FN:197,MockDynamicFeeToken._transferWithFee
FNDA:75,MockDynamicFeeToken._transferWithFee
DA:198,75
DA:199,75
BRDA:199,1,0,-
BRDA:199,1,1,-
DA:201,75
DA:203,75
BRDA:203,2,0,67
BRDA:203,2,1,8
DA:204,67
DA:205,67
DA:207,67
DA:208,67
DA:210,67
DA:211,67
DA:213,8
DA:214,8
DA:218,75
DA:219,0
DA:228,67
FN:228,MockDynamicFeeToken._calculateFee
FNDA:67,MockDynamicFeeToken._calculateFee
DA:229,67
DA:230,67
BRDA:230,3,0,6
BRDA:230,3,1,1
DA:231,6
DA:232,6
BRDA:232,4,0,6
DA:233,61
BRDA:233,5,0,1
DA:234,1
DA:235,1
BRDA:235,6,0,1
DA:237,0
DA:244,75
FN:244,MockDynamicFeeToken._checkAutoChanges
FNDA:75,MockDynamicFeeToken._checkAutoChanges
DA:245,75
BRDA:245,7,0,5
DA:246,5
DA:247,5
DA:249,75
BRDA:249,8,0,2
DA:250,2
DA:251,2
FNF:16
FNH:14
LF:75
LH:69
BRF:13
BRH:9
end_of_record
TN:
SF:contracts/mocks/MockERC20.sol
DA:38,2738
FN:38,MockERC20.constructor
FNDA:2738,MockERC20.constructor
DA:39,2738
DA:40,2738
DA:41,2738
DA:53,8979
FN:53,MockERC20.mint
FNDA:8979,MockERC20.mint
DA:54,8979
DA:55,8979
DA:56,8979
DA:62,13641
FN:62,MockERC20.approve
FNDA:13641,MockERC20.approve
DA:63,13641
DA:64,13641
DA:65,13641
DA:71,8297
FN:71,MockERC20.transfer
FNDA:8297,MockERC20.transfer
DA:72,8297
BRDA:72,0,0,-
BRDA:72,0,1,-
DA:73,8293
DA:74,8297
DA:75,8293
DA:76,8293
DA:82,2363
FN:82,MockERC20.transferFrom
FNDA:2363,MockERC20.transferFrom
DA:83,2363
BRDA:83,1,0,-
BRDA:83,1,1,-
DA:84,2363
BRDA:84,2,0,-
BRDA:84,2,1,-
DA:86,2363
DA:87,2361
DA:88,2363
DA:90,2361
DA:91,2361
DA:97,3237
FN:97,MockERC20.forceTransferFrom
FNDA:3237,MockERC20.forceTransferFrom
DA:98,3237
BRDA:98,3,0,-
BRDA:98,3,1,-
DA:99,3237
DA:100,3237
DA:101,3237
FNF:6
FNH:6
LF:31
LH:31
BRF:8
BRH:0
end_of_record
TN:
SF:contracts/mocks/MockEmptyReturnToken.sol
DA:47,22
FN:47,MockEmptyReturnToken.constructor
FNDA:22,MockEmptyReturnToken.constructor
DA:52,22
DA:53,22
DA:54,22
DA:66,66
FN:66,MockEmptyReturnToken.mint
FNDA:66,MockEmptyReturnToken.mint
DA:67,66
DA:68,66
DA:69,66
DA:76,16
FN:76,MockEmptyReturnToken.approve
FNDA:16,MockEmptyReturnToken.approve
DA:77,16
DA:78,16
DA:86,6
FN:86,MockEmptyReturnToken.transfer
FNDA:6,MockEmptyReturnToken.transfer
DA:87,6
BRDA:87,0,0,-
BRDA:87,0,1,-
DA:88,6
DA:89,6
DA:90,6
DA:98,4
FN:98,MockEmptyReturnToken.transferFrom
FNDA:4,MockEmptyReturnToken.transferFrom
DA:99,4
BRDA:99,1,0,-
BRDA:99,1,1,-
DA:100,4
BRDA:100,2,0,-
BRDA:100,2,1,-
DA:102,4
DA:103,4
DA:104,4
DA:106,4
DA:114,4
FN:114,MockEmptyReturnToken.forceTransferFrom
FNDA:4,MockEmptyReturnToken.forceTransferFrom
DA:115,4
BRDA:115,3,0,-
BRDA:115,3,1,-
DA:116,4
DA:117,4
DA:118,4
FNF:6
FNH:6
LF:28
LH:28
BRF:8
BRH:0
end_of_record
TN:
SF:contracts/mocks/MockFailingRouter.sol
DA:52,14
FN:52,MockFailingRouter.setFailMode
FNDA:14,MockFailingRouter.setFailMode
DA:53,14
DA:60,17
FN:60,MockFailingRouter.setExchangeRate
FNDA:17,MockFailingRouter.setExchangeRate
DA:61,17
DA:69,0
FN:69,MockFailingRouter.setTokens
FNDA:0,MockFailingRouter.setTokens
DA:70,0
DA:71,0
DA:77,0
FN:77,MockFailingRouter.approve
FNDA:0,MockFailingRouter.approve
DA:78,0
DA:79,0
DA:91,0
FN:91,MockFailingRouter.swapExactTokensForTokens
FNDA:0,MockFailingRouter.swapExactTokensForTokens
DA:98,0
DA:100,0
BRDA:100,0,0,-
DA:101,0
DA:104,0
BRDA:104,1,0,-
DA:106,0
DA:107,0
DA:108,0
DA:114,0
DA:115,0
DA:116,0
DA:117,0
BRDA:117,2,0,-
BRDA:117,2,1,-
DA:120,0
DA:123,0
DA:132,14
FN:132,MockFailingRouter.swapExactTokensForTokensSupportingFeeOnTransferTokens
FNDA:14,MockFailingRouter.swapExactTokensForTokensSupportingFeeOnTransferTokens
DA:139,14
DA:141,14
BRDA:141,3,0,9
DA:142,9
DA:145,5
BRDA:145,4,0,1
DA:146,1
DA:149,4
BRDA:149,5,0,2
DA:151,2
DA:152,2
DA:155,2
BRDA:155,6,0,-
DA:157,0
DA:159,0
DA:162,2
DA:163,2
BRDA:163,7,0,-
BRDA:163,7,1,-
DA:165,1
DA:166,1
DA:176,0
FN:176,MockFailingRouter.getAmountsOut
FNDA:0,MockFailingRouter.getAmountsOut
DA:181,0
DA:182,0
DA:183,0
DA:189,0
FN:189,MockFailingRouter.factory
FNDA:0,MockFailingRouter.factory
DA:190,0
FNF:8
FNH:3
LF:46
LH:18
BRF:10
BRH:3
end_of_record
TN:
SF:contracts/mocks/MockFeeOnTransferToken.sol
DA:25,487
FN:25,MockFeeOnTransferToken.constructor
FNDA:487,MockFeeOnTransferToken.constructor
DA:32,487
DA:33,487
DA:34,487
DA:35,487
DA:36,487
DA:39,1111
FN:39,MockFeeOnTransferToken.mint
FNDA:1111,MockFeeOnTransferToken.mint
DA:40,1111
DA:41,1111
DA:42,1111
DA:45,1160
FN:45,MockFeeOnTransferToken.approve
FNDA:1160,MockFeeOnTransferToken.approve
DA:46,1160
DA:47,1160
DA:48,1160
DA:51,305
FN:51,MockFeeOnTransferToken.transfer
FNDA:305,MockFeeOnTransferToken.transfer
DA:52,305
DA:55,277
FN:55,MockFeeOnTransferToken.transferFrom
FNDA:277,MockFeeOnTransferToken.transferFrom
DA:56,277
BRDA:56,0,0,-
BRDA:56,0,1,-
DA:57,277
DA:58,277
DA:61,582
FN:61,MockFeeOnTransferToken._transfer
FNDA:582,MockFeeOnTransferToken._transfer
DA:62,582
BRDA:62,1,0,-
BRDA:62,1,1,-
DA:64,582
DA:65,582
DA:67,582
DA:68,582
DA:69,582
BRDA:69,2,0,567
DA:70,567
DA:73,582
DA:74,0
BRDA:74,3,0,567
DA:75,567
DA:77,582
DA:81,294
FN:81,MockFeeOnTransferToken.forceTransferFrom
FNDA:294,MockFeeOnTransferToken.forceTransferFrom
DA:82,294
BRDA:82,4,0,-
BRDA:82,4,1,-
DA:83,294
DA:84,294
DA:85,294
FNF:7
FNH:7
LF:37
LH:36
BRF:8
BRH:2
end_of_record
TN:
SF:contracts/mocks/MockInflationaryToken.sol
DA:53,17
FN:53,MockInflationaryToken.constructor
FNDA:17,MockInflationaryToken.constructor
DA:59,17
DA:60,17
DA:61,17
DA:62,17
DA:70,0
FN:70,MockInflationaryToken.setMintBps
FNDA:0,MockInflationaryToken.setMintBps
DA:71,0
DA:79,35
FN:79,MockInflationaryToken.mint
FNDA:35,MockInflationaryToken.mint
DA:80,35
DA:81,35
DA:82,35
DA:86,23
FN:86,MockInflationaryToken.approve
FNDA:23,MockInflationaryToken.approve
DA:87,23
DA:88,23
DA:89,23
DA:93,10
FN:93,MockInflationaryToken.transfer
FNDA:10,MockInflationaryToken.transfer
DA:94,10
DA:95,10
DA:99,5
FN:99,MockInflationaryToken.transferFrom
FNDA:5,MockInflationaryToken.transferFrom
DA:100,5
DA:101,5
BRDA:101,0,0,-
BRDA:101,0,1,-
DA:102,5
DA:103,5
DA:104,5
DA:108,6
FN:108,MockInflationaryToken.forceTransferFrom
FNDA:6,MockInflationaryToken.forceTransferFrom
DA:109,6
DA:121,21
FN:121,MockInflationaryToken._transferInflationary
FNDA:21,MockInflationaryToken._transferInflationary
DA:122,21
BRDA:122,1,0,-
BRDA:122,1,1,-
DA:124,21
DA:126,21
DA:127,21
DA:129,21
DA:130,21
DA:132,21
DA:133,21
BRDA:133,2,0,18
DA:134,18
FNF:8
FNH:7
LF:36
LH:34
BRF:5
BRH:1
end_of_record
TN:
SF:contracts/mocks/MockPausableToken.sol
DA:56,7
FN:56,MockPausableToken.constructor
FNDA:7,MockPausableToken.constructor
DA:61,7
DA:62,7
DA:63,7
DA:64,7
DA:71,6
FN:71,MockPausableToken.onlyAdmin
FNDA:6,MockPausableToken.onlyAdmin
DA:72,6
BRDA:72,0,0,-
BRDA:72,0,1,-
DA:81,6
FN:81,MockPausableToken.pause
FNDA:6,MockPausableToken.pause
DA:82,6
DA:83,6
DA:87,2
FN:87,MockPausableToken.unpause
FNDA:2,MockPausableToken.unpause
DA:88,2
DA:89,2
DA:97,15
FN:97,MockPausableToken.mint
FNDA:15,MockPausableToken.mint
DA:98,15
DA:99,15
DA:100,15
DA:104,14
FN:104,MockPausableToken.approve
FNDA:14,MockPausableToken.approve
DA:105,14
DA:106,14
DA:107,14
DA:111,5
FN:111,MockPausableToken.transfer
FNDA:5,MockPausableToken.transfer
DA:112,5
BRDA:112,1,0,-
BRDA:112,1,1,-
DA:113,3
BRDA:113,2,0,-
BRDA:113,2,1,-
DA:114,3
DA:115,3
DA:116,3
DA:117,3
DA:121,5
FN:121,MockPausableToken.transferFrom
FNDA:5,MockPausableToken.transferFrom
DA:122,5
BRDA:122,3,0,-
BRDA:122,3,1,-
DA:123,3
DA:124,3
BRDA:124,4,0,-
BRDA:124,4,1,-
DA:125,3
DA:126,3
BRDA:126,5,0,-
BRDA:126,5,1,-
DA:127,3
DA:128,3
DA:129,3
DA:130,3
DA:134,4
FN:134,MockPausableToken.forceTransferFrom
FNDA:4,MockPausableToken.forceTransferFrom
DA:135,4
BRDA:135,6,0,-
BRDA:135,6,1,-
DA:136,4
DA:137,4
DA:138,4
FNF:9
FNH:9
LF:43
LH:43
BRF:14
BRH:0
end_of_record
TN:
SF:contracts/mocks/MockPermit2Token.sol
DA:62,6
FN:62,MockPermit2Token.constructor
FNDA:6,MockPermit2Token.constructor
DA:67,6
DA:68,6
DA:69,6
DA:80,12
FN:80,MockPermit2Token.DOMAIN_SEPARATOR
FNDA:12,MockPermit2Token.DOMAIN_SEPARATOR
DA:81,12
DA:97,12
FN:97,MockPermit2Token.mint
FNDA:12,MockPermit2Token.mint
DA:98,12
DA:99,12
DA:100,12
DA:104,9
FN:104,MockPermit2Token.approve
FNDA:9,MockPermit2Token.approve
DA:105,9
DA:106,9
DA:107,9
DA:111,3
FN:111,MockPermit2Token.transfer
FNDA:3,MockPermit2Token.transfer
DA:112,3
BRDA:112,0,0,-
BRDA:112,0,1,-
DA:113,3
DA:114,3
DA:115,3
DA:116,3
DA:120,4
FN:120,MockPermit2Token.transferFrom
FNDA:4,MockPermit2Token.transferFrom
DA:121,4
DA:122,4
BRDA:122,1,0,-
BRDA:122,1,1,-
DA:123,4
DA:124,3
BRDA:124,2,0,-
BRDA:124,2,1,-
DA:125,3
DA:126,3
DA:127,3
DA:128,3
DA:132,3
FN:132,MockPermit2Token.forceTransferFrom
FNDA:3,MockPermit2Token.forceTransferFrom
DA:133,3
BRDA:133,3,0,-
BRDA:133,3,1,-
DA:134,3
DA:135,3
DA:136,3
DA:154,7
FN:154,MockPermit2Token.permit
FNDA:7,MockPermit2Token.permit
DA:163,7
BRDA:163,4,0,-
BRDA:163,4,1,-
DA:164,6
BRDA:164,5,0,-
BRDA:164,5,1,-
DA:167,6
DA:179,6
DA:184,6
DA:185,6
BRDA:185,6,0,-
BRDA:185,6,1,-
DA:186,6
BRDA:186,7,0,-
BRDA:186,7,1,-
DA:189,4
DA:190,4
FNF:8
FNH:8
LF:44
LH:44
BRF:16
BRH:0
end_of_record
TN:
SF:contracts/mocks/MockRebasingToken.sol
DA:70,25
FN:70,MockRebasingToken.constructor
FNDA:25,MockRebasingToken.constructor
DA:76,25
DA:77,25
DA:78,25
DA:79,25
DA:80,25
DA:91,80
FN:91,MockRebasingToken.balanceOf
FNDA:80,MockRebasingToken.balanceOf
DA:92,80
DA:98,0
FN:98,MockRebasingToken.totalSupply
FNDA:0,MockRebasingToken.totalSupply
DA:99,0
DA:110,23
FN:110,MockRebasingToken.rebase
FNDA:23,MockRebasingToken.rebase
DA:111,23
BRDA:111,0,0,13
BRDA:111,0,1,10
DA:112,13
DA:113,10
BRDA:113,1,0,10
DA:114,10
DA:115,10
DA:117,23
DA:124,80
FN:124,MockRebasingToken.mint
FNDA:80,MockRebasingToken.mint
DA:125,80
DA:126,80
DA:127,80
DA:128,80
DA:134,84
FN:134,MockRebasingToken.approve
FNDA:84,MockRebasingToken.approve
DA:135,84
DA:136,84
DA:137,84
DA:143,25
FN:143,MockRebasingToken.transfer
FNDA:25,MockRebasingToken.transfer
DA:144,25
DA:145,25
DA:146,25
BRDA:146,2,0,-
BRDA:146,2,1,-
DA:148,25
DA:149,25
DA:151,25
DA:152,25
DA:158,21
FN:158,MockRebasingToken.transferFrom
FNDA:21,MockRebasingToken.transferFrom
DA:159,21
DA:160,21
DA:161,21
BRDA:161,3,0,-
BRDA:161,3,1,-
DA:162,18
BRDA:162,4,0,-
BRDA:162,4,1,-
DA:164,21
DA:165,21
DA:166,21
DA:168,18
DA:169,18
DA:175,21
FN:175,MockRebasingToken.forceTransferFrom
FNDA:21,MockRebasingToken.forceTransferFrom
DA:176,21
DA:177,21
BRDA:177,5,0,-
BRDA:177,5,1,-
DA:178,21
DA:179,21
DA:180,21
DA:191,23
FN:191,MockRebasingToken.setRebaseRate
FNDA:23,MockRebasingToken.setRebaseRate
DA:192,23
DA:199,1
FN:199,MockRebasingToken.setIndex
FNDA:1,MockRebasingToken.setIndex
DA:200,1
FNF:11
FNH:10
LF:54
LH:52
BRF:11
BRH:3
end_of_record
TN:
SF:contracts/mocks/MockUSDTStyleToken.sol
DA:46,22
FN:46,MockUSDTStyleToken.constructor
FNDA:22,MockUSDTStyleToken.constructor
DA:51,22
DA:52,22
DA:53,22
DA:65,22
FN:65,MockUSDTStyleToken.mint
FNDA:22,MockUSDTStyleToken.mint
DA:66,22
DA:67,22
DA:68,22
DA:77,26
FN:77,MockUSDTStyleToken.approve
FNDA:26,MockUSDTStyleToken.approve
DA:78,26
BRDA:78,0,0,26
BRDA:78,0,1,7
DA:82,26
DA:83,25
DA:84,25
DA:90,6
FN:90,MockUSDTStyleToken.transfer
FNDA:6,MockUSDTStyleToken.transfer
DA:91,6
BRDA:91,1,0,-
BRDA:91,1,1,-
DA:92,6
DA:93,6
DA:94,6
DA:95,6
DA:101,6
FN:101,MockUSDTStyleToken.transferFrom
FNDA:6,MockUSDTStyleToken.transferFrom
DA:102,6
BRDA:102,2,0,-
BRDA:102,2,1,-
DA:103,6
BRDA:103,3,0,-
BRDA:103,3,1,-
DA:105,6
DA:106,6
DA:107,6
DA:109,6
DA:110,6
DA:117,6
FN:117,MockUSDTStyleToken.forceTransferFrom
FNDA:6,MockUSDTStyleToken.forceTransferFrom
DA:118,6
BRDA:118,4,0,-
BRDA:118,4,1,-
DA:119,6
DA:120,6
DA:121,6
FNF:6
FNH:6
LF:32
LH:32
BRF:10
BRH:2
end_of_record
TN:
SF:contracts/mocks/MockUniswapV2Pair.sol
DA:29,0
FN:29,MockUniswapV2Pair.constructor
FNDA:0,MockUniswapV2Pair.constructor
DA:30,0
DA:31,0
DA:44,0
FN:44,MockUniswapV2Pair.getReserves
FNDA:0,MockUniswapV2Pair.getReserves
DA:49,0
DA:50,0
DA:51,0
DA:59,0
FN:59,MockUniswapV2Pair.setReserves
FNDA:0,MockUniswapV2Pair.setReserves
DA:60,0
DA:61,0
DA:62,0
FNF:3
FNH:0
LF:11
LH:0
BRF:0
BRH:0
end_of_record
TN:
SF:contracts/mocks/MockUniswapV2Router.sol
DA:35,1717
FN:35,MockUniswapV2Router.constructor
FNDA:1717,MockUniswapV2Router.constructor
DA:36,1717
DA:37,1717
DA:50,0
FN:50,MockUniswapV2Router.swapExactTokensForTokens
FNDA:0,MockUniswapV2Router.swapExactTokensForTokens
DA:58,0
BRDA:58,0,0,-
BRDA:58,0,1,-
DA:60,0
DA:61,0
DA:64,0
DA:65,0
BRDA:65,1,0,-
BRDA:65,1,1,-
DA:68,0
DA:69,0
DA:70,0
DA:71,0
DA:75,0
DA:78,0
BRDA:78,2,0,-
BRDA:78,2,1,-
DA:88,0
FN:88,MockUniswapV2Router.swapTokensForExactTokens
FNDA:0,MockUniswapV2Router.swapTokensForExactTokens
DA:96,0
BRDA:96,3,0,-
BRDA:96,3,1,-
DA:98,0
DA:99,0
DA:102,0
DA:103,0
BRDA:103,4,0,-
BRDA:103,4,1,-
DA:105,0
DA:106,0
DA:107,0
DA:108,0
DA:111,0
DA:112,0
BRDA:112,5,0,-
BRDA:112,5,1,-
DA:121,0
FN:121,MockUniswapV2Router.getAmountsOut
FNDA:0,MockUniswapV2Router.getAmountsOut
DA:126,0
DA:128,0
DA:129,0
DA:130,0
DA:131,0
DA:138,3645
FN:138,MockUniswapV2Router.swapExactTokensForTokensSupportingFeeOnTransferTokens
FNDA:3645,MockUniswapV2Router.swapExactTokensForTokensSupportingFeeOnTransferTokens
DA:146,3645
BRDA:146,6,0,-
BRDA:146,6,1,-
DA:148,3645
DA:149,3645
DA:151,3645
DA:152,3645
BRDA:152,7,0,-
BRDA:152,7,1,-
DA:154,3611
DA:155,3611
BRDA:155,8,0,3605
BRDA:155,8,1,-
DA:165,629
FN:165,MockUniswapV2Router.setExchangeRate
FNDA:629,MockUniswapV2Router.setExchangeRate
DA:166,629
DA:173,0
FN:173,MockUniswapV2Router.approve
FNDA:0,MockUniswapV2Router.approve
DA:174,0
DA:175,0
DA:183,3611
FN:183,MockUniswapV2Router._transferIn
FNDA:3611,MockUniswapV2Router._transferIn
DA:185,3611
FNF:8
FNH:4
LF:48
LH:15
BRF:18
BRH:1
end_of_record
TN:
SF:contracts/mocks/MockUpgradeableToken.sol
DA:39,6
FN:39,SimpleProxy.constructor
FNDA:6,SimpleProxy.constructor
DA:40,6
DA:41,6
DA:52,5
FN:52,SimpleProxy.upgradeTo
FNDA:5,SimpleProxy.upgradeTo
DA:53,5
BRDA:53,0,0,-
BRDA:53,0,1,-
DA:54,5
DA:58,1
FN:58,SimpleProxy.getImplementation
FNDA:1,SimpleProxy.getImplementation
DA:59,1
DA:63,0
FN:63,SimpleProxy.getAdmin
FNDA:0,SimpleProxy.getAdmin
DA:64,0
DA:71,108
FN:71,SimpleProxy.fallback
FNDA:108,SimpleProxy.fallback
DA:72,0
DA:75,0
FN:75,SimpleProxy.receive
FNDA:0,SimpleProxy.receive
DA:76,0
DA:83,108
FN:83,SimpleProxy._delegate
FNDA:108,SimpleProxy._delegate
DA:84,108
DA:85,108
BRDA:85,1,0,-
BRDA:85,1,1,-
DA:87,0
DA:88,0
DA:89,0
DA:91,0
DA:92,0
DA:94,0
DA:95,0
DA:100,11
FN:100,SimpleProxy._setImplementation
FNDA:11,SimpleProxy._setImplementation
DA:102,0
DA:106,109
FN:106,SimpleProxy._getImplementation
FNDA:109,SimpleProxy._getImplementation
DA:108,0
DA:112,6
FN:112,SimpleProxy._setAdmin
FNDA:6,SimpleProxy._setAdmin
DA:114,0
DA:118,5
FN:118,SimpleProxy._getAdmin
FNDA:5,SimpleProxy._getAdmin
DA:120,0
DA:160,6
FN:160,UpgradeableTokenV1.initialize.0
FNDA:6,UpgradeableTokenV1.initialize.0
DA:165,6
DA:166,6
DA:167,6
DA:175,1
FN:175,UpgradeableTokenV1.version.0
FNDA:1,UpgradeableTokenV1.version.0
DA:176,1
DA:184,14
FN:184,UpgradeableTokenV1.mint.0
FNDA:14,UpgradeableTokenV1.mint.0
DA:185,14
DA:186,14
DA:187,14
DA:191,13
FN:191,UpgradeableTokenV1.approve.0
FNDA:13,UpgradeableTokenV1.approve.0
DA:192,13
DA:193,13
DA:194,13
DA:198,3
FN:198,UpgradeableTokenV1.transfer.0
FNDA:3,UpgradeableTokenV1.transfer.0
DA:199,3
BRDA:199,2,0,-
BRDA:199,2,1,-
DA:200,3
DA:201,3
DA:202,3
DA:203,3
DA:207,3
FN:207,UpgradeableTokenV1.transferFrom.0
FNDA:3,UpgradeableTokenV1.transferFrom.0
DA:208,3
DA:209,3
BRDA:209,3,0,-
BRDA:209,3,1,-
DA:210,3
DA:211,3
BRDA:211,4,0,-
BRDA:211,4,1,-
DA:212,3
DA:213,3
DA:214,3
DA:215,3
DA:219,3
FN:219,UpgradeableTokenV1.forceTransferFrom.0
FNDA:3,UpgradeableTokenV1.forceTransferFrom.0
DA:220,3
BRDA:220,5,0,-
BRDA:220,5,1,-
DA:221,3
DA:222,3
DA:223,3
DA:272,0
FN:272,UpgradeableTokenV2.initialize.1
FNDA:0,UpgradeableTokenV2.initialize.1
DA:277,0
DA:278,0
DA:279,0
DA:287,1
FN:287,UpgradeableTokenV2.version.1
FNDA:1,UpgradeableTokenV2.version.1
DA:288,1
DA:300,3
FN:300,UpgradeableTokenV2.setFee
FNDA:3,UpgradeableTokenV2.setFee
DA:301,3
DA:302,3
DA:310,0
FN:310,UpgradeableTokenV2.mint.1
FNDA:0,UpgradeableTokenV2.mint.1
DA:311,0
DA:312,0
DA:313,0
DA:317,13
FN:317,UpgradeableTokenV2.approve.1
FNDA:13,UpgradeableTokenV2.approve.1
DA:318,13
DA:319,13
DA:320,13
DA:324,4
FN:324,UpgradeableTokenV2.transfer.1
FNDA:4,UpgradeableTokenV2.transfer.1
DA:325,4
DA:326,4
DA:330,4
FN:330,UpgradeableTokenV2.transferFrom.1
FNDA:4,UpgradeableTokenV2.transferFrom.1
DA:331,4
DA:332,4
BRDA:332,6,0,-
BRDA:332,6,1,-
DA:333,4
DA:334,4
DA:335,4
DA:339,3
FN:339,UpgradeableTokenV2.forceTransferFrom.1
FNDA:3,UpgradeableTokenV2.forceTransferFrom.1
DA:340,3
DA:351,11
FN:351,UpgradeableTokenV2._transferWithFee
FNDA:11,UpgradeableTokenV2._transferWithFee
DA:352,11
BRDA:352,7,0,-
BRDA:352,7,1,-
DA:353,11
DA:355,11
BRDA:355,8,0,8
BRDA:355,8,1,3
DA:356,8
DA:357,8
DA:358,8
DA:359,8
DA:360,8
DA:361,8
DA:363,3
DA:364,3
FNF:27
FNH:23
LF:106
LH:82
BRF:18
BRH:2
end_of_record
TN:
SF:contracts/mocks/MockWWDOGE.sol
DA:24,30
FN:24,MockWWDOGE.deposit
FNDA:30,MockWWDOGE.deposit
DA:25,30
DA:26,30
DA:27,30
DA:31,2
FN:31,MockWWDOGE.withdraw
FNDA:2,MockWWDOGE.withdraw
DA:32,2
BRDA:32,0,0,-
BRDA:32,0,1,-
DA:33,2
DA:34,2
DA:35,2
DA:37,2
DA:38,2
BRDA:38,1,0,-
BRDA:38,1,1,-
DA:42,0
FN:42,MockWWDOGE.receive
FNDA:0,MockWWDOGE.receive
DA:43,0
DA:44,0
DA:45,0
FNF:3
FNH:2
LF:15
LH:11
BRF:4
BRH:0
end_of_record
TN:
SF:script/AddBreadFactory.s.sol
DA:19,0
FN:19,AddBreadFactoryRouter.run
FNDA:0,AddBreadFactoryRouter.run
DA:20,0
DA:22,0
DA:24,0
DA:27,0
BRDA:27,0,0,-
BRDA:27,0,1,-
DA:28,0
DA:30,0
DA:31,0
DA:34,0
DA:36,0
FNF:1
FNH:0
LF:10
LH:0
BRF:2
BRH:0
end_of_record
TN:
SF:script/Deploy.s.sol
DA:63,0
FN:63,DeployAggregator.run
FNDA:0,DeployAggregator.run
DA:65,0
DA:66,0
DA:67,0
DA:70,0
BRDA:70,0,0,-
BRDA:70,0,1,-
DA:71,0
BRDA:71,1,0,-
BRDA:71,1,1,-
DA:73,0
DA:76,0
DA:79,0
DA:80,0
DA:81,0
DA:82,0
DA:83,0
DA:84,0
DA:85,0
DA:86,0
DA:87,0
DA:88,0
DA:89,0
DA:91,0
DA:94,0
DA:95,0
DA:96,0
DA:97,0
DA:98,0
DA:99,0
DA:100,0
FNF:1
FNH:0
LF:27
LH:0
BRF:4
BRH:0
end_of_record
TN:
SF:script/Setup.s.sol
DA:53,0
FN:53,SetupAggregator.run
FNDA:0,SetupAggregator.run
DA:54,0
DA:55,0
DA:57,0
DA:59,0
DA:62,0
DA:63,0
DA:64,0
BRDA:64,0,0,-
BRDA:64,0,1,-
DA:65,0
DA:66,0
DA:68,0
DA:73,0
BRDA:73,1,0,-
DA:74,0
BRDA:74,2,0,-
DA:75,0
DA:76,0
DA:78,0
BRDA:78,1,1,-
DA:79,0
DA:83,0
BRDA:83,3,0,-
DA:84,0
BRDA:84,4,0,-
DA:85,0
DA:86,0
DA:88,0
BRDA:88,3,1,-
DA:89,0
DA:92,0
DA:95,0
DA:96,0
DA:97,0
DA:98,0
DA:99,0
DA:100,0
DA:101,0
DA:102,0
DA:103,0
FNF:1
FNH:0
LF:33
LH:0
BRF:8
BRH:0
end_of_record
TN:
SF:test/CoverageGap.t.sol
DA:658,1
FN:658,ForceFeeder.forceSend
FNDA:1,ForceFeeder.forceSend
DA:659,1
FNF:1
FNH:1
LF:2
LH:2
BRF:0
BRH:0
end_of_record
TN:
SF:test/CrossChainBridge.t.sol
DA:14,2
FN:14,SwapThenBridge.execute
FNDA:2,SwapThenBridge.execute
DA:22,2
DA:25,2
DA:28,2
DA:29,2
DA:30,2
DA:33,2
DA:44,2
DA:47,2
DA:48,2
DA:49,2
FNF:1
FNH:1
LF:11
LH:11
BRF:0
BRH:0
end_of_record
TN:
SF:test/ExtremeConditions.t.sol
DA:33,1
FN:33,MaliciousToken.setTarget.0
FNDA:1,MaliciousToken.setTarget.0
DA:34,1
DA:37,1
FN:37,MaliciousToken.setPendingRequest.0
FNDA:1,MaliciousToken.setPendingRequest.0
DA:38,1
DA:41,1
FN:41,MaliciousToken.mint
FNDA:1,MaliciousToken.mint
DA:42,1
DA:43,1
DA:44,1
DA:47,4
FN:47,MaliciousToken.approve.0
FNDA:4,MaliciousToken.approve.0
DA:48,4
DA:49,4
DA:50,4
DA:53,1
FN:53,MaliciousToken.transfer
FNDA:1,MaliciousToken.transfer
DA:54,1
BRDA:54,0,0,-
BRDA:54,0,1,-
DA:55,1
DA:56,1
DA:57,1
DA:58,1
DA:62,1
FN:62,MaliciousToken.forceTransferFrom
FNDA:1,MaliciousToken.forceTransferFrom
DA:63,1
BRDA:63,1,0,-
BRDA:63,1,1,-
DA:64,1
DA:65,1
DA:66,1
DA:69,1
FN:69,MaliciousToken.transferFrom
FNDA:1,MaliciousToken.transferFrom
DA:70,1
BRDA:70,2,0,-
BRDA:70,2,1,-
DA:71,1
BRDA:71,3,0,-
BRDA:71,3,1,-
DA:73,1
DA:74,1
DA:75,1
DA:77,1
DA:80,1
BRDA:80,4,0,1
DA:81,1
DA:83,1
BRDA:83,5,0,1
DA:90,1
DA:107,1
FN:107,MaliciousRouter.constructor
FNDA:1,MaliciousRouter.constructor
DA:108,1
DA:109,1
DA:112,1
FN:112,MaliciousRouter.setTarget.1
FNDA:1,MaliciousRouter.setTarget.1
DA:113,1
DA:116,1
FN:116,MaliciousRouter.setPendingRequest.1
FNDA:1,MaliciousRouter.setPendingRequest.1
DA:117,1
DA:120,0
FN:120,MaliciousRouter.approve.1
FNDA:0,MaliciousRouter.approve.1
DA:121,0
DA:124,0
FN:124,MaliciousRouter.swapExactTokensForTokens
FNDA:0,MaliciousRouter.swapExactTokensForTokens
DA:131,0
BRDA:131,6,0,-
BRDA:131,6,1,-
DA:133,0
DA:134,0
DA:136,0
DA:137,0
BRDA:137,7,0,-
BRDA:137,7,1,-
DA:139,0
DA:140,0
DA:141,0
DA:142,0
DA:146,0
DA:149,0
BRDA:149,8,0,-
DA:150,0
DA:151,0
BRDA:151,9,0,-
DA:159,0
BRDA:159,10,0,-
BRDA:159,10,1,-
DA:166,1
FN:166,MaliciousRouter.swapExactTokensForTokensSupportingFeeOnTransferTokens
FNDA:1,MaliciousRouter.swapExactTokensForTokensSupportingFeeOnTransferTokens
DA:173,1
BRDA:173,11,0,-
BRDA:173,11,1,-
DA:175,1
DA:176,1
DA:178,1
DA:179,1
BRDA:179,12,0,-
BRDA:179,12,1,-
DA:182,1
DA:185,1
BRDA:185,13,0,1
DA:186,1
DA:187,1
BRDA:187,14,0,1
DA:195,1
BRDA:195,15,0,1
BRDA:195,15,1,-
FNF:13
FNH:11
LF:69
LH:52
BRF:26
BRH:5
end_of_record
TN:
SF:test/FlashLoanAttack.t.sol
DA:29,2
FN:29,FlashLoanReentrancyToken.setTarget.0
FNDA:2,FlashLoanReentrancyToken.setTarget.0
DA:30,2
DA:33,2
FN:33,FlashLoanReentrancyToken.setPendingRequest.0
FNDA:2,FlashLoanReentrancyToken.setPendingRequest.0
DA:34,2
DA:37,2
FN:37,FlashLoanReentrancyToken.mint
FNDA:2,FlashLoanReentrancyToken.mint
DA:38,2
DA:39,2
DA:40,2
DA:43,8
FN:43,FlashLoanReentrancyToken.approve.0
FNDA:8,FlashLoanReentrancyToken.approve.0
DA:44,8
DA:45,8
DA:46,8
DA:49,2
FN:49,FlashLoanReentrancyToken.transfer
FNDA:2,FlashLoanReentrancyToken.transfer
DA:50,2
BRDA:50,0,0,-
BRDA:50,0,1,-
DA:51,2
DA:52,2
DA:53,2
DA:54,2
DA:57,2
FN:57,FlashLoanReentrancyToken.forceTransferFrom
FNDA:2,FlashLoanReentrancyToken.forceTransferFrom
DA:58,2
BRDA:58,1,0,-
BRDA:58,1,1,-
DA:59,2
DA:60,2
DA:61,2
DA:64,2
FN:64,FlashLoanReentrancyToken.transferFrom
FNDA:2,FlashLoanReentrancyToken.transferFrom
DA:65,2
BRDA:65,2,0,-
BRDA:65,2,1,-
DA:66,2
BRDA:66,3,0,-
BRDA:66,3,1,-
DA:68,2
DA:69,2
DA:70,2
DA:72,2
DA:75,2
BRDA:75,4,0,2
DA:76,2
DA:77,2
BRDA:77,5,0,2
DA:84,2
DA:101,3
FN:101,FlashLoanCallbackRouter.constructor
FNDA:3,FlashLoanCallbackRouter.constructor
DA:102,3
DA:103,3
DA:106,3
FN:106,FlashLoanCallbackRouter.setTarget.1
FNDA:3,FlashLoanCallbackRouter.setTarget.1
DA:107,3
DA:110,3
FN:110,FlashLoanCallbackRouter.setPendingRequest.1
FNDA:3,FlashLoanCallbackRouter.setPendingRequest.1
DA:111,3
DA:114,0
FN:114,FlashLoanCallbackRouter.approve.1
FNDA:0,FlashLoanCallbackRouter.approve.1
DA:115,0
DA:118,0
FN:118,FlashLoanCallbackRouter.swapExactTokensForTokens
FNDA:0,FlashLoanCallbackRouter.swapExactTokensForTokens
DA:125,0
BRDA:125,6,0,-
BRDA:125,6,1,-
DA:127,0
DA:128,0
DA:130,0
DA:131,0
BRDA:131,7,0,-
BRDA:131,7,1,-
DA:133,0
DA:134,0
DA:135,0
DA:136,0
DA:139,0
DA:142,0
BRDA:142,8,0,-
DA:143,0
DA:144,0
BRDA:144,9,0,-
DA:151,0
BRDA:151,10,0,-
BRDA:151,10,1,-
DA:154,3
FN:154,FlashLoanCallbackRouter.swapExactTokensForTokensSupportingFeeOnTransferTokens
FNDA:3,FlashLoanCallbackRouter.swapExactTokensForTokensSupportingFeeOnTransferTokens
DA:161,3
BRDA:161,11,0,-
BRDA:161,11,1,-
DA:163,3
DA:164,3
DA:166,3
DA:167,3
BRDA:167,12,0,-
BRDA:167,12,1,-
DA:169,3
DA:172,3
BRDA:172,13,0,3
DA:173,3
DA:174,3
BRDA:174,14,0,3
DA:181,3
BRDA:181,15,0,3
BRDA:181,15,1,-
DA:191,0
FN:191,ForceFeeder.feed
FNDA:0,ForceFeeder.feed
DA:192,0
FNF:14
FNH:11
LF:71
LH:52
BRF:26
BRH:5
end_of_record
TN:
SF:test/FuzzTesting.t.sol
DA:676,5
FN:676,FuzzHandler.constructor
FNDA:5,FuzzHandler.constructor
DA:684,5
DA:685,5
DA:686,5
DA:687,5
DA:688,5
DA:689,5
DA:693,0
FN:693,FuzzHandler.executeSwap
FNDA:0,FuzzHandler.executeSwap
DA:694,0
DA:697,0
DA:698,0
DA:699,0
DA:701,0
DA:702,0
DA:703,0
DA:706,0
DA:707,0
DA:708,0
DA:710,0
DA:711,0
DA:718,0
DA:728,0
DA:729,0
DA:731,0
DA:733,0
DA:734,0
BRDA:734,2,0,-
DA:735,0
DA:736,0
DA:738,0
DA:739,0
DA:740,0
DA:743,0
DA:744,0
DA:745,0
DA:746,0
BRDA:746,2,1,-
DA:747,0
DA:752,0
FN:752,FuzzHandler.updateFee
FNDA:0,FuzzHandler.updateFee
DA:753,0
DA:754,0
DA:755,0
FNF:3
FNH:1
LF:40
LH:7
BRF:2
BRH:0
end_of_record
TN:
SF:test/NativeDogeSwap.t.sol
DA:523,2
FN:523,ForceFeeder.feed
FNDA:2,ForceFeeder.feed
DA:524,2
DA:541,1
FN:541,NativeDogeReentrancyAttacker.constructor
FNDA:1,NativeDogeReentrancyAttacker.constructor
DA:542,1
DA:543,1
DA:544,1
DA:547,1
FN:547,NativeDogeReentrancyAttacker.attack
FNDA:1,NativeDogeReentrancyAttacker.attack
DA:548,1
DA:549,1
DA:550,1
DA:553,1
FN:553,NativeDogeReentrancyAttacker.receive
FNDA:1,NativeDogeReentrancyAttacker.receive
DA:554,1
BRDA:554,0,0,1
DA:555,1
DA:556,1
BRDA:556,1,0,1
DA:557,0
FNF:4
FNH:4
LF:15
LH:14
BRF:2
BRH:2
end_of_record
TN:
SF:test/RPCFailure.t.sol
DA:28,1
FN:28,MockRevertingTransferToken.setTransfersEnabled
FNDA:1,MockRevertingTransferToken.setTransfersEnabled
DA:29,1
DA:32,1
FN:32,MockRevertingTransferToken.mint.0
FNDA:1,MockRevertingTransferToken.mint.0
DA:33,1
DA:34,1
DA:35,1
DA:38,1
FN:38,MockRevertingTransferToken.approve.0
FNDA:1,MockRevertingTransferToken.approve.0
DA:39,1
DA:40,1
DA:41,1
DA:44,0
FN:44,MockRevertingTransferToken.transfer.0
FNDA:0,MockRevertingTransferToken.transfer.0
DA:45,0
BRDA:45,0,0,-
BRDA:45,0,1,-
DA:46,0
DA:47,0
DA:48,0
DA:49,0
DA:52,1
FN:52,MockRevertingTransferToken.transferFrom.0
FNDA:1,MockRevertingTransferToken.transferFrom.0
DA:53,1
BRDA:53,1,0,-
BRDA:53,1,1,-
DA:54,0
BRDA:54,2,0,-
BRDA:54,2,1,-
DA:55,0
DA:56,0
DA:57,0
DA:58,0
DA:59,0
DA:76,1
FN:76,MockBlockedApproveToken.setBlockedSpender
FNDA:1,MockBlockedApproveToken.setBlockedSpender
DA:77,1
DA:80,1
FN:80,MockBlockedApproveToken.mint.1
FNDA:1,MockBlockedApproveToken.mint.1
DA:81,1
DA:82,1
DA:83,1
DA:86,2
FN:86,MockBlockedApproveToken.approve.1
FNDA:2,MockBlockedApproveToken.approve.1
DA:87,2
BRDA:87,3,0,-
BRDA:87,3,1,-
DA:88,1
DA:89,1
DA:90,1
DA:93,1
FN:93,MockBlockedApproveToken.transfer.1
FNDA:1,MockBlockedApproveToken.transfer.1
DA:94,1
DA:95,1
DA:96,1
DA:97,1
DA:100,1
FN:100,MockBlockedApproveToken.transferFrom.1
FNDA:1,MockBlockedApproveToken.transferFrom.1
DA:101,1
BRDA:101,4,0,-
BRDA:101,4,1,-
DA:102,1
DA:103,1
DA:104,1
DA:105,1
DA:106,1
FNF:10
FNH:9
LF:47
LH:35
BRF:10
BRH:0
end_of_record
TN:
SF:test/TokenTypeEdgeCases.t.sol
DA:28,22
FN:28,MockSafeOutputRouter.constructor
FNDA:22,MockSafeOutputRouter.constructor
DA:29,22
DA:30,22
DA:33,1
FN:33,MockSafeOutputRouter.swapExactTokensForTokensSupportingFeeOnTransferTokens
FNDA:1,MockSafeOutputRouter.swapExactTokensForTokensSupportingFeeOnTransferTokens
DA:40,1
BRDA:40,0,0,-
BRDA:40,0,1,-
DA:42,1
DA:43,1
DA:45,1
DA:46,1
BRDA:46,1,0,-
BRDA:46,1,1,-
DA:49,1
DA:52,1
BRDA:52,2,0,-
BRDA:52,2,1,-
DA:56,1
DA:59,1
BRDA:59,3,0,-
BRDA:59,3,1,-
DA:62,0
FN:62,MockSafeOutputRouter.approve
FNDA:0,MockSafeOutputRouter.approve
DA:63,0
DA:64,0
DA:67,0
FN:67,MockSafeOutputRouter.setExchangeRate
FNDA:0,MockSafeOutputRouter.setExchangeRate
DA:68,0
FNF:4
FNH:2
LF:18
LH:13
BRF:8
BRH:0
end_of_record
TN:
SF:test/WrappedNativeMultihop.t.sol
DA:16,3
FN:16,ForceFeeder.feed
FNDA:3,ForceFeeder.feed
DA:17,3
FNF:1
FNH:1
LF:2
LH:2
BRF:0
BRH:0
end_of_record
